<?xml version="1.0" encoding="UTF-8"?>
<!-- Generated by org.testng.reporters.JUnitReportReporter -->
<testsuite skipped="0" hostname="LAPTOP-E8JFTR4T" name="org.sample.SampleTestng" tests="1" failures="0" timestamp="16 Nov 2022 13:41:26 GMT" time="0.021" errors="0">
  <testcase name="T2" time="0.021" classname="org.sample.SampleTestng"/>
</testsuite> <!-- org.sample.SampleTestng -->
