<?xml version="1.0" encoding="UTF-8"?>
<!-- Generated by org.testng.reporters.JUnitReportReporter -->
<testsuite skipped="0" hostname="LAPTOP-E8JFTR4T" name="org.sample.Sample" tests="3" failures="0" timestamp="14 Nov 2022 13:29:24 GMT" time="0.024" errors="0">
  <testcase name="T9" time="0.003" classname="org.sample.Sample"/>
  <testcase name="A5" time="0.019" classname="org.sample.Sample"/>
  <testcase name="B6" time="0.002" classname="org.sample.Sample"/>
</testsuite> <!-- org.sample.Sample -->
